[1105/110245.684:ERROR:file_io_win.cc(162)] CreateFile C:\Users\samsu\AppData\Local\Temp\puppeteer_dev_chrome_profile-CVG1x7\Crashpad\settings.dat: The system cannot find the path specified. (0x3)
[1105/110245.689:ERROR:file_io_win.cc(171)] CreateFile C:\Users\samsu\AppData\Local\Temp\puppeteer_dev_chrome_profile-CVG1x7\Crashpad\reports\55daeaa5-8e05-4b80-9116-17b1aedb658e.dmp: The system cannot find the path specified. (0x3)
[1105/110245.689:ERROR:crash_report_exception_handler.cc(99)] PrepareNewCrashReport failed
[1105/110625.765:ERROR:file_io_win.cc(162)] CreateFile C:\Users\samsu\AppData\Local\Temp\puppeteer_dev_chrome_profile-iwqbEv\Crashpad\settings.dat: The system cannot find the path specified. (0x3)
[1105/110625.767:ERROR:file_io_win.cc(171)] CreateFile C:\Users\samsu\AppData\Local\Temp\puppeteer_dev_chrome_profile-iwqbEv\Crashpad\reports\63be1a1e-5acd-4e02-b270-9bd3f0806a49.dmp: The system cannot find the path specified. (0x3)
[1105/110625.767:ERROR:crash_report_exception_handler.cc(99)] PrepareNewCrashReport failed
[1105/110705.406:ERROR:file_io_win.cc(162)] CreateFile C:\Users\samsu\AppData\Local\Temp\puppeteer_dev_chrome_profile-KDB2HU\Crashpad\settings.dat: The system cannot find the path specified. (0x3)
[1105/110705.406:ERROR:file_io_win.cc(171)] CreateFile C:\Users\samsu\AppData\Local\Temp\puppeteer_dev_chrome_profile-KDB2HU\Crashpad\reports\ad35805d-c221-4676-bfe9-ffe113b29920.dmp: The system cannot find the path specified. (0x3)
[1105/110705.406:ERROR:crash_report_exception_handler.cc(99)] PrepareNewCrashReport failed
[1105/110842.769:ERROR:file_io_win.cc(162)] CreateFile C:\Users\samsu\AppData\Local\Temp\puppeteer_dev_chrome_profile-iTvksk\Crashpad\settings.dat: The system cannot find the path specified. (0x3)
[1105/110842.775:ERROR:file_io_win.cc(171)] CreateFile C:\Users\samsu\AppData\Local\Temp\puppeteer_dev_chrome_profile-iTvksk\Crashpad\reports\93491c92-263f-4236-98ad-6caa9f7a0476.dmp: The system cannot find the path specified. (0x3)
[1105/110842.775:ERROR:crash_report_exception_handler.cc(99)] PrepareNewCrashReport failed
[1105/111230.686:ERROR:file_io_win.cc(162)] CreateFile C:\Users\samsu\AppData\Local\Temp\puppeteer_dev_chrome_profile-ggys3Y\Crashpad\settings.dat: The system cannot find the path specified. (0x3)
[1105/111230.691:ERROR:file_io_win.cc(171)] CreateFile C:\Users\samsu\AppData\Local\Temp\puppeteer_dev_chrome_profile-ggys3Y\Crashpad\reports\904175a1-c17c-452c-9111-40ec86821271.dmp: The system cannot find the path specified. (0x3)
[1105/111230.691:ERROR:crash_report_exception_handler.cc(99)] PrepareNewCrashReport failed
[1105/111359.901:ERROR:file_io_win.cc(162)] CreateFile C:\Users\samsu\AppData\Local\Temp\puppeteer_dev_chrome_profile-aSCf4f\Crashpad\settings.dat: The system cannot find the path specified. (0x3)
[1105/111359.904:ERROR:file_io_win.cc(171)] CreateFile C:\Users\samsu\AppData\Local\Temp\puppeteer_dev_chrome_profile-aSCf4f\Crashpad\reports\17f8c2fa-d4ee-4b85-8c0c-aae72813fc40.dmp: The system cannot find the path specified. (0x3)
[1105/111359.904:ERROR:crash_report_exception_handler.cc(99)] PrepareNewCrashReport failed
[1105/111439.765:ERROR:file_io_win.cc(162)] CreateFile C:\Users\samsu\AppData\Local\Temp\puppeteer_dev_chrome_profile-2fbYmI\Crashpad\settings.dat: The system cannot find the path specified. (0x3)
[1105/111439.765:ERROR:file_io_win.cc(171)] CreateFile C:\Users\samsu\AppData\Local\Temp\puppeteer_dev_chrome_profile-2fbYmI\Crashpad\reports\961d2bb6-d297-46d8-8159-74a4dbf207f6.dmp: The system cannot find the path specified. (0x3)
[1105/111439.765:ERROR:crash_report_exception_handler.cc(99)] PrepareNewCrashReport failed
[1105/111541.335:ERROR:file_io_win.cc(162)] CreateFile C:\Users\samsu\AppData\Local\Temp\puppeteer_dev_chrome_profile-EwOfn9\Crashpad\settings.dat: The system cannot find the path specified. (0x3)
[1105/111541.341:ERROR:file_io_win.cc(171)] CreateFile C:\Users\samsu\AppData\Local\Temp\puppeteer_dev_chrome_profile-EwOfn9\Crashpad\reports\eae654cc-e6c9-4664-8f87-143fad9e90f1.dmp: The system cannot find the path specified. (0x3)
[1105/111541.341:ERROR:crash_report_exception_handler.cc(99)] PrepareNewCrashReport failed
[1105/111745.489:ERROR:file_io_win.cc(162)] CreateFile C:\Users\samsu\AppData\Local\Temp\puppeteer_dev_chrome_profile-xiVpyH\Crashpad\settings.dat: The system cannot find the path specified. (0x3)
[1105/111745.492:ERROR:file_io_win.cc(171)] CreateFile C:\Users\samsu\AppData\Local\Temp\puppeteer_dev_chrome_profile-xiVpyH\Crashpad\reports\c274c480-4ed5-4d65-850a-c77b0b7d9747.dmp: The system cannot find the path specified. (0x3)
[1105/111745.492:ERROR:crash_report_exception_handler.cc(99)] PrepareNewCrashReport failed
[1105/111823.968:ERROR:file_io_win.cc(162)] CreateFile C:\Users\samsu\AppData\Local\Temp\puppeteer_dev_chrome_profile-xYMj0G\Crashpad\settings.dat: The system cannot find the path specified. (0x3)
[1105/111823.968:ERROR:file_io_win.cc(171)] CreateFile C:\Users\samsu\AppData\Local\Temp\puppeteer_dev_chrome_profile-xYMj0G\Crashpad\reports\8f7cfc54-6170-428d-a4d2-02e9d7724a13.dmp: The system cannot find the path specified. (0x3)
[1105/111823.968:ERROR:crash_report_exception_handler.cc(99)] PrepareNewCrashReport failed
[1105/112018.916:ERROR:file_io_win.cc(162)] CreateFile C:\Users\samsu\AppData\Local\Temp\puppeteer_dev_chrome_profile-tgESIV\Crashpad\settings.dat: The system cannot find the path specified. (0x3)
[1105/112018.921:ERROR:file_io_win.cc(171)] CreateFile C:\Users\samsu\AppData\Local\Temp\puppeteer_dev_chrome_profile-tgESIV\Crashpad\reports\98eb5863-4ef2-4d92-a2f4-690e6cf38573.dmp: The system cannot find the path specified. (0x3)
[1105/112018.921:ERROR:crash_report_exception_handler.cc(99)] PrepareNewCrashReport failed
[1105/112144.086:ERROR:file_io_win.cc(162)] CreateFile C:\Users\samsu\AppData\Local\Temp\puppeteer_dev_chrome_profile-mVibXJ\Crashpad\settings.dat: The system cannot find the path specified. (0x3)
[1105/112144.093:ERROR:file_io_win.cc(171)] CreateFile C:\Users\samsu\AppData\Local\Temp\puppeteer_dev_chrome_profile-mVibXJ\Crashpad\reports\83c3c074-fb49-4e25-afde-a1e73ff97191.dmp: The system cannot find the path specified. (0x3)
[1105/112144.093:ERROR:crash_report_exception_handler.cc(99)] PrepareNewCrashReport failed
[1105/112239.481:ERROR:file_io_win.cc(162)] CreateFile C:\Users\samsu\AppData\Local\Temp\puppeteer_dev_chrome_profile-odibAv\Crashpad\settings.dat: The system cannot find the path specified. (0x3)
[1105/112239.488:ERROR:file_io_win.cc(171)] CreateFile C:\Users\samsu\AppData\Local\Temp\puppeteer_dev_chrome_profile-odibAv\Crashpad\reports\1911d152-a7ca-4cf8-86da-1b6b3d1bdedb.dmp: The system cannot find the path specified. (0x3)
[1105/112239.488:ERROR:crash_report_exception_handler.cc(99)] PrepareNewCrashReport failed
[1105/112612.145:ERROR:file_io_win.cc(162)] CreateFile C:\Users\samsu\AppData\Local\Temp\puppeteer_dev_chrome_profile-6ig4DI\Crashpad\settings.dat: The system cannot find the path specified. (0x3)
[1105/112612.151:ERROR:file_io_win.cc(171)] CreateFile C:\Users\samsu\AppData\Local\Temp\puppeteer_dev_chrome_profile-6ig4DI\Crashpad\reports\6a080830-c7b8-43a2-900a-4e8fa27a6483.dmp: The system cannot find the path specified. (0x3)
[1105/112612.151:ERROR:crash_report_exception_handler.cc(99)] PrepareNewCrashReport failed
[1105/112647.130:ERROR:file_io_win.cc(162)] CreateFile C:\Users\samsu\AppData\Local\Temp\puppeteer_dev_chrome_profile-W5ylhH\Crashpad\settings.dat: The system cannot find the path specified. (0x3)
[1105/112647.132:ERROR:file_io_win.cc(171)] CreateFile C:\Users\samsu\AppData\Local\Temp\puppeteer_dev_chrome_profile-W5ylhH\Crashpad\reports\f39a3862-4d0d-42c7-b368-a13dc5a05924.dmp: The system cannot find the path specified. (0x3)
[1105/112647.132:ERROR:crash_report_exception_handler.cc(99)] PrepareNewCrashReport failed
[1105/113755.858:ERROR:file_io_win.cc(162)] CreateFile C:\Users\samsu\AppData\Local\Temp\puppeteer_dev_chrome_profile-1RyLBW\Crashpad\settings.dat: The system cannot find the path specified. (0x3)
[1105/113755.861:ERROR:file_io_win.cc(171)] CreateFile C:\Users\samsu\AppData\Local\Temp\puppeteer_dev_chrome_profile-1RyLBW\Crashpad\reports\b28dc3da-0ade-43e2-9b2c-8df935f05ef4.dmp: The system cannot find the path specified. (0x3)
[1105/113755.861:ERROR:crash_report_exception_handler.cc(99)] PrepareNewCrashReport failed
[1105/113833.097:ERROR:file_io_win.cc(162)] CreateFile C:\Users\samsu\AppData\Local\Temp\puppeteer_dev_chrome_profile-YdflqC\Crashpad\settings.dat: The system cannot find the path specified. (0x3)
[1105/113833.100:ERROR:file_io_win.cc(171)] CreateFile C:\Users\samsu\AppData\Local\Temp\puppeteer_dev_chrome_profile-YdflqC\Crashpad\reports\eaa36934-07c4-4c0c-8974-ebe9ccfefdbc.dmp: The system cannot find the path specified. (0x3)
[1105/113833.100:ERROR:crash_report_exception_handler.cc(99)] PrepareNewCrashReport failed
[1105/113918.097:ERROR:file_io_win.cc(162)] CreateFile C:\Users\samsu\AppData\Local\Temp\puppeteer_dev_chrome_profile-JNcWJZ\Crashpad\settings.dat: The system cannot find the path specified. (0x3)
[1105/113918.125:ERROR:file_io_win.cc(171)] CreateFile C:\Users\samsu\AppData\Local\Temp\puppeteer_dev_chrome_profile-JNcWJZ\Crashpad\reports\e9a5d8c4-e9b8-4b1a-b86c-9cbcb5f055c0.dmp: The system cannot find the path specified. (0x3)
[1105/113918.125:ERROR:crash_report_exception_handler.cc(99)] PrepareNewCrashReport failed
[1105/114149.223:ERROR:file_io_win.cc(162)] CreateFile C:\Users\samsu\AppData\Local\Temp\puppeteer_dev_chrome_profile-Z3EviQ\Crashpad\settings.dat: The system cannot find the path specified. (0x3)
[1105/114149.226:ERROR:file_io_win.cc(171)] CreateFile C:\Users\samsu\AppData\Local\Temp\puppeteer_dev_chrome_profile-Z3EviQ\Crashpad\reports\11eb0ef8-dd9c-4e77-be41-28a0ddfca93d.dmp: The system cannot find the path specified. (0x3)
[1105/114149.226:ERROR:crash_report_exception_handler.cc(99)] PrepareNewCrashReport failed
